<?xml version="1.0" encoding="UTF-8"?>
<!-- Generated by org.testng.reporters.JUnitXMLReporter -->
<testsuite ignored="0" hostname="DESKTOP-5DD129N" failures="2" tests="4" name="Test" time="23.176" errors="0" timestamp="2022-06-02T12:09:57 IST">
  <testcase classname="TableHandling.Behavior.TableBehavior" name="Comparevalue" time="0.01">
    <failure type="java.lang.NullPointerException">
      <![CDATA[java.lang.NullPointerException
at TableHandling.Behavior.PracticePage.<init>(PracticePage.java:18)
at TableHandling.Behavior.TableBehavior.Comparevalue(TableBehavior.java:36)
at java.base/java.util.ArrayList.forEach(ArrayList.java:1541)
... Removed 31 stack frames]]>
    </failure>
  </testcase> <!-- Comparevalue -->
  <testcase classname="TableHandling.Behavior.TableBehavior" name="GotoPactisepage" time="22.977"/>
  <testcase classname="TableHandling.Behavior.TableBehavior" name="Scrolling" time="0.143"/>
  <testcase classname="TableHandling.Behavior.TableBehavior" name="totalentries" time="0.001">
    <failure type="java.lang.NullPointerException">
      <![CDATA[java.lang.NullPointerException
at TableHandling.Behavior.PracticePage.<init>(PracticePage.java:18)
at TableHandling.Behavior.TableBehavior.totalentries(TableBehavior.java:44)
at java.base/java.util.ArrayList.forEach(ArrayList.java:1541)
... Removed 31 stack frames]]>
    </failure>
  </testcase> <!-- totalentries -->
</testsuite> <!-- Test -->
